TN:
SF:src/components/manual-review/ManualReviewDynamicForm.vue
FN:7,(anonymous_0)
FN:8,(anonymous_1)
FN:9,(anonymous_2)
FN:10,(anonymous_3)
FN:12,(anonymous_4)
FN:12,(anonymous_5)
FN:16,(anonymous_6)
FN:18,(anonymous_7)
FN:21,(anonymous_8)
FN:24,(anonymous_9)
FN:28,(anonymous_10)
FN:29,(anonymous_11)
FN:32,(anonymous_12)
FN:32,(anonymous_13)
FN:35,(anonymous_14)
FN:38,(anonymous_15)
FNF:16
FNH:9
FNDA:2,(anonymous_0)
FNDA:22,(anonymous_1)
FNDA:10,(anonymous_2)
FNDA:4,(anonymous_3)
FNDA:1,(anonymous_4)
FNDA:0,(anonymous_5)
FNDA:24,(anonymous_6)
FNDA:1,(anonymous_7)
FNDA:0,(anonymous_8)
FNDA:0,(anonymous_9)
FNDA:0,(anonymous_10)
FNDA:0,(anonymous_11)
FNDA:3,(anonymous_12)
FNDA:1,(anonymous_13)
FNDA:0,(anonymous_14)
FNDA:0,(anonymous_15)
DA:4,20
DA:5,20
DA:6,20
DA:7,20
DA:8,22
DA:9,20
DA:10,20
DA:11,20
DA:12,20
DA:15,21
DA:16,24
DA:18,1
DA:21,0
DA:24,0
DA:27,1
DA:28,0
DA:29,0
DA:32,3
DA:35,0
DA:38,0
LF:20
LH:14
BRDA:8,0,0,22
BRDA:8,0,1,8
BRDA:10,1,0,4
BRDA:10,1,1,2
BRDA:12,2,0,1
BRDA:12,2,1,0
BRDA:17,3,0,4
BRDA:17,3,1,20
BRDA:19,4,0,4
BRDA:19,4,1,3
BRDA:18,5,0,4
BRDA:18,5,1,3
BRDA:20,6,0,3
BRDA:20,6,1,17
BRDA:22,7,0,3
BRDA:22,7,1,3
BRDA:21,8,0,3
BRDA:21,8,1,3
BRDA:23,9,0,2
BRDA:23,9,1,15
BRDA:25,10,0,2
BRDA:25,10,1,2
BRDA:24,11,0,2
BRDA:24,11,1,2
BRDA:26,12,0,3
BRDA:26,12,1,12
BRDA:30,13,0,3
BRDA:30,13,1,3
BRDA:28,14,0,3
BRDA:28,14,1,3
BRDA:29,15,0,3
BRDA:29,15,1,3
BRDA:31,16,0,4
BRDA:31,16,1,8
BRDA:33,17,0,4
BRDA:33,17,1,4
BRDA:34,18,0,2
BRDA:34,18,1,6
BRDA:36,19,0,2
BRDA:36,19,1,2
BRDA:35,20,0,2
BRDA:35,20,1,2
BRDA:37,21,0,2
BRDA:37,21,1,4
BRDA:39,22,0,2
BRDA:39,22,1,2
BRDA:38,23,0,2
BRDA:38,23,1,2
BRDA:40,24,0,4
BRDA:40,25,0,4
BRDA:40,25,1,3
BRDA:42,26,0,4
BRDA:42,26,1,4
BRDA:41,27,0,3
BRDA:41,27,1,1
BRF:55
BRH:54
end_of_record
TN:
SF:src/composables/use-force-layout.ts
FN:53,hashStr
FN:63,nodeBaseRadius
FN:68,nodeCollisionRadius
FN:80,clamp
FN:91,runForceLayout
FN:118,(anonymous_5)
FN:122,(anonymous_6)
FN:314,useForceLayout
FN:321,(anonymous_8)
FN:326,(anonymous_9)
FN:327,(anonymous_10)
FN:336,(anonymous_11)
FN:340,(anonymous_12)
FNF:13
FNH:13
FNDA:132,hashStr
FNDA:126481,nodeBaseRadius
FNDA:73,nodeCollisionRadius
FNDA:60496,clamp
FNDA:18,runForceLayout
FNDA:73,(anonymous_5)
FNDA:26,(anonymous_6)
FNDA:3,useForceLayout
FNDA:5,(anonymous_8)
FNDA:10,(anonymous_9)
FNDA:5,(anonymous_10)
FNDA:4,(anonymous_11)
FNDA:8,(anonymous_12)
DA:31,1
DA:32,1
DA:33,1
DA:34,1
DA:35,1
DA:36,1
DA:37,1
DA:38,1
DA:39,1
DA:40,1
DA:41,1
DA:42,1
DA:43,1
DA:44,1
DA:45,1
DA:46,1
DA:48,1
DA:50,1
DA:54,132
DA:55,132
DA:56,388
DA:57,388
DA:59,132
DA:64,126481
DA:72,73
DA:73,73
DA:75,0
DA:76,73
DA:77,73
DA:81,60496
DA:82,60496
DA:83,60496
DA:96,18
DA:97,18
DA:98,18
DA:101,18
DA:102,18
DA:103,18
DA:104,76
DA:105,75
DA:106,75
DA:108,18
DA:111,17
DA:112,2
DA:113,2
DA:116,15
DA:117,15
DA:118,73
DA:121,15
DA:122,26
DA:123,15
DA:125,15
DA:126,15
DA:127,15
DA:128,15
DA:129,15
DA:130,15
DA:131,73
DA:132,73
DA:133,7
DA:134,7
DA:136,66
DA:137,66
DA:138,66
DA:139,66
DA:140,66
DA:145,15
DA:146,15
DA:147,54
DA:148,54
DA:149,54
DA:150,54
DA:151,52
DA:154,15
DA:155,15
DA:156,15
DA:157,15
DA:158,6885
DA:159,6870
DA:160,6870
DA:163,6870
DA:164,33434
DA:165,92516
DA:166,92516
DA:167,92516
DA:168,92516
DA:169,0
DA:170,0
DA:171,0
DA:172,0
DA:174,92516
DA:175,92516
DA:176,92516
DA:177,92516
DA:178,92516
DA:179,92516
DA:180,92516
DA:181,92516
DA:186,6870
DA:187,23816
DA:188,23816
DA:189,23816
DA:190,23816
DA:191,23816
DA:192,23816
DA:193,23816
DA:194,23816
DA:195,23816
DA:196,23816
DA:197,23816
DA:202,6870
DA:203,23816
DA:204,23816
DA:205,23816
DA:206,23816
DA:207,23816
DA:208,174040
DA:209,126408
DA:210,126408
DA:211,126408
DA:212,126408
DA:213,74
DA:214,126408
DA:215,126408
DA:216,126408
DA:217,126408
DA:218,126408
DA:219,126408
DA:221,0
DA:222,0
DA:223,0
DA:224,0
DA:226,126408
DA:227,126408
DA:228,126408
DA:229,4
DA:230,4
DA:231,4
DA:232,4
DA:233,4
DA:234,4
DA:239,6870
DA:240,33434
DA:241,30228
DA:242,30228
DA:246,6870
DA:247,33434
DA:248,3206
DA:249,3206
DA:250,3206
DA:252,30228
DA:253,30228
DA:254,30228
DA:255,30228
DA:259,6870
DA:260,33434
DA:261,92516
DA:262,92516
DA:263,92516
DA:264,92516
DA:265,92516
DA:266,10
DA:267,10
DA:268,10
DA:269,10
DA:270,10
DA:271,0
DA:272,0
DA:273,10
DA:274,0
DA:275,0
DA:277,10
DA:278,10
DA:279,10
DA:280,10
DA:284,0
DA:285,0
DA:286,0
DA:287,0
DA:288,0
DA:289,0
DA:291,0
DA:292,0
DA:293,0
DA:299,6870
DA:302,15
DA:303,73
DA:305,15
DA:319,3
DA:321,3
DA:322,5
DA:323,5
DA:324,5
DA:325,5
DA:326,10
DA:327,5
DA:334,3
DA:337,4
DA:338,4
DA:339,4
DA:340,4
DA:341,8
DA:342,8
DA:348,3
LF:204
LH:182
BRDA:64,0,0,126481
BRDA:64,0,1,126481
BRDA:64,1,0,7
BRDA:64,1,1,126474
BRDA:72,2,0,73
BRDA:72,2,1,0
BRDA:75,3,0,0
BRDA:75,3,1,0
BRDA:76,4,0,0
BRDA:76,4,1,0
BRDA:81,5,0,0
BRDA:81,5,1,60496
BRDA:82,6,0,0
BRDA:82,6,1,60496
BRDA:97,7,0,18
BRDA:97,7,1,18
BRDA:98,8,0,18
BRDA:98,8,1,18
BRDA:104,9,0,1
BRDA:104,9,1,75
BRDA:104,10,0,76
BRDA:104,10,1,76
BRDA:104,10,2,76
BRDA:108,11,0,1
BRDA:108,11,1,17
BRDA:111,12,0,2
BRDA:111,12,1,15
BRDA:123,13,0,7
BRDA:123,13,1,8
BRDA:132,14,0,7
BRDA:132,14,1,66
BRDA:147,15,0,0
BRDA:147,15,1,54
BRDA:150,16,0,2
BRDA:150,16,1,52
BRDA:150,17,0,54
BRDA:150,17,1,54
BRDA:150,17,2,52
BRDA:158,18,0,15
BRDA:158,18,1,6870
BRDA:168,19,0,0
BRDA:168,19,1,92516
BRDA:172,20,0,0
BRDA:172,20,1,0
BRDA:189,21,0,23816
BRDA:189,21,1,0
BRDA:206,22,0,0
BRDA:206,22,1,23816
BRDA:208,23,0,47632
BRDA:208,23,1,126408
BRDA:208,24,0,174040
BRDA:208,24,1,150224
BRDA:212,25,0,72288
BRDA:212,25,1,54120
BRDA:212,26,0,74
BRDA:212,26,1,54046
BRDA:219,27,0,0
BRDA:219,27,1,126408
BRDA:228,28,0,126404
BRDA:228,28,1,4
BRDA:240,29,0,3206
BRDA:240,29,1,30228
BRDA:247,30,0,3206
BRDA:247,30,1,30228
BRDA:265,31,0,92506
BRDA:265,31,1,10
BRDA:266,32,0,10
BRDA:266,32,1,0
BRDA:270,33,0,0
BRDA:270,33,1,10
BRDA:273,34,0,0
BRDA:273,34,1,10
BRDA:287,35,0,0
BRDA:287,35,1,0
BRDA:291,36,0,0
BRDA:291,36,1,0
BRDA:322,37,0,5
BRDA:322,37,1,0
BRDA:323,38,0,5
BRDA:323,38,1,0
BRDA:328,39,0,5
BRDA:328,39,1,5
BRDA:329,40,0,5
BRDA:329,40,1,5
BRDA:330,41,0,5
BRDA:330,41,1,5
BRDA:337,42,0,4
BRDA:337,42,1,0
BRDA:338,43,0,4
BRDA:338,43,1,0
BRDA:341,44,0,8
BRDA:341,44,1,0
BRF:92
BRH:66
end_of_record
TN:
SF:src/portal/iframeBridge.ts
FN:49,asObject
FN:55,normalizeOrigin
FN:65,parsePortalOrigins
FN:69,(anonymous_3)
FN:73,createPortalMessage
FN:87,isPortalMessage
FN:101,browserEnvironment
FN:104,(anonymous_7)
FN:131,constructor
FN:134,(anonymous_9)
FN:135,(anonymous_10)
FN:159,isInIframe
FN:163,start
FN:169,stop
FN:175,on
FN:179,(anonymous_15)
FN:185,send
FN:194,ready
FN:198,(anonymous_18)
FN:207,(anonymous_19)
FN:218,isTruthyFlag
FN:224,locationEmbeddedFlag
FN:234,isPortalEmbeddedMode
FNF:23
FNH:18
FNDA:5,asObject
FNDA:14,normalizeOrigin
FNDA:2,parsePortalOrigins
FNDA:2,(anonymous_3)
FNDA:2,createPortalMessage
FNDA:3,isPortalMessage
FNDA:1,browserEnvironment
FNDA:0,(anonymous_7)
FNDA:5,constructor
FNDA:4,(anonymous_9)
FNDA:4,(anonymous_10)
FNDA:4,isInIframe
FNDA:2,start
FNDA:2,stop
FNDA:2,on
FNDA:0,(anonymous_15)
FNDA:2,send
FNDA:1,ready
FNDA:4,(anonymous_18)
FNDA:1,(anonymous_19)
FNDA:0,isTruthyFlag
FNDA:0,locationEmbeddedFlag
FNDA:0,isPortalEmbeddedMode
DA:1,1
DA:2,1
DA:4,1
DA:47,1
DA:50,5
DA:56,14
DA:57,14
DA:58,9
DA:59,9
DA:61,0
DA:66,2
DA:67,1
DA:69,2
DA:77,2
DA:78,2
DA:88,3
DA:89,3
DA:102,1
DA:103,0
DA:104,0
DA:105,0
DA:114,1
DA:127,5
DA:128,5
DA:132,5
DA:133,5
DA:134,4
DA:135,4
DA:137,5
DA:139,5
DA:141,5
DA:145,5
DA:150,5
DA:151,1
DA:152,4
DA:153,3
DA:155,1
DA:160,4
DA:164,2
DA:165,2
DA:166,2
DA:170,2
DA:171,2
DA:172,2
DA:176,2
DA:177,2
DA:178,2
DA:179,2
DA:180,0
DA:181,0
DA:186,2
DA:187,1
DA:191,1
DA:195,1
DA:198,4
DA:199,4
DA:200,4
DA:201,3
DA:202,2
DA:203,2
DA:205,1
DA:206,1
DA:207,1
DA:211,1
DA:213,1
DA:219,0
DA:220,0
DA:225,0
DA:226,0
DA:227,0
DA:230,0
DA:231,0
DA:235,0
LF:73
LH:59
BRDA:50,0,0,5
BRDA:50,0,1,0
BRDA:50,1,0,5
BRDA:50,1,1,5
BRDA:57,2,0,5
BRDA:57,2,1,9
BRDA:66,3,0,1
BRDA:66,3,1,1
BRDA:75,4,0,2
BRDA:90,5,0,3
BRDA:90,5,1,3
BRDA:90,5,2,2
BRDA:90,5,3,2
BRDA:90,5,4,2
BRDA:90,5,5,2
BRDA:90,5,6,2
BRDA:90,5,7,2
BRDA:102,6,0,0
BRDA:102,6,1,1
BRDA:102,7,0,1
BRDA:102,7,1,1
BRDA:131,8,0,5
BRDA:132,9,0,5
BRDA:132,9,1,1
BRDA:133,10,0,5
BRDA:133,10,1,0
BRDA:142,11,0,5
BRDA:142,11,1,4
BRDA:150,12,0,1
BRDA:150,12,1,4
BRDA:150,13,0,5
BRDA:150,13,1,1
BRDA:152,14,0,3
BRDA:152,14,1,1
BRDA:152,15,0,4
BRDA:152,15,1,3
BRDA:155,16,0,1
BRDA:155,16,1,1
BRDA:164,17,0,0
BRDA:164,17,1,2
BRDA:164,18,0,2
BRDA:164,18,1,2
BRDA:170,19,0,0
BRDA:170,19,1,2
BRDA:176,20,0,2
BRDA:176,20,1,2
BRDA:181,21,0,0
BRDA:181,21,1,0
BRDA:185,22,0,2
BRDA:186,23,0,1
BRDA:186,23,1,1
BRDA:200,24,0,1
BRDA:200,24,1,3
BRDA:201,25,0,1
BRDA:201,25,1,2
BRDA:203,26,0,1
BRDA:203,26,1,1
BRDA:206,27,0,0
BRDA:206,27,1,1
BRDA:219,28,0,0
BRDA:219,28,1,0
BRDA:220,29,0,0
BRDA:220,29,1,0
BRDA:225,30,0,0
BRDA:225,30,1,0
BRDA:227,31,0,0
BRDA:227,31,1,0
BRDA:231,32,0,0
BRDA:231,32,1,0
BRDA:235,33,0,0
BRDA:235,33,1,0
BRDA:235,33,2,0
BRDA:235,33,3,0
BRF:73
BRH:51
end_of_record
TN:
SF:src/views/business-service/actual-service-rules.ts
FN:127,(anonymous_0)
FNF:1
FNH:1
FNDA:9,(anonymous_0)
DA:13,1
DA:15,1
DA:30,1
DA:126,1
DA:127,9
LF:5
LH:5
BRF:0
BRH:0
end_of_record
TN:
SF:src/views/business-service/expert-indirect-validation.ts
FN:30,indirectCoreNodeIdError
FN:40,indirectPathDepthError
FN:49,indirectMinStrengthError
FN:58,validateExpertIndirectParameters
FNF:4
FNH:4
FNDA:15,indirectCoreNodeIdError
FNDA:16,indirectPathDepthError
FNDA:16,indirectMinStrengthError
FNDA:16,validateExpertIndirectParameters
DA:1,1
DA:3,1
DA:4,1
DA:5,1
DA:7,1
DA:31,15
DA:32,1
DA:34,14
DA:35,2
DA:37,12
DA:41,16
DA:42,16
DA:43,15
DA:44,15
DA:50,16
DA:51,16
DA:52,15
DA:53,15
DA:61,16
DA:62,16
DA:63,16
DA:64,16
DA:66,16
DA:67,1
DA:69,15
DA:70,15
DA:72,16
DA:74,16
DA:75,16
DA:76,16
DA:78,16
DA:79,16
DA:80,16
DA:82,16
DA:83,16
DA:84,15
DA:87,1
LF:37
LH:37
BRDA:31,0,0,1
BRDA:31,0,1,14
BRDA:34,1,0,2
BRDA:34,1,1,12
BRDA:34,2,0,14
BRDA:34,2,1,14
BRDA:42,3,0,1
BRDA:42,3,1,15
BRDA:44,4,0,9
BRDA:44,4,1,6
BRDA:44,5,0,15
BRDA:44,5,1,14
BRDA:44,5,2,5
BRDA:51,6,0,1
BRDA:51,6,1,15
BRDA:53,7,0,11
BRDA:53,7,1,4
BRDA:53,8,0,15
BRDA:53,8,1,14
BRDA:53,8,2,13
BRDA:62,9,0,16
BRDA:62,9,1,0
BRDA:64,10,0,16
BRDA:64,10,1,0
BRDA:66,11,0,1
BRDA:66,11,1,15
BRDA:70,12,0,3
BRDA:70,12,1,12
BRDA:72,13,0,1
BRDA:72,13,1,15
BRDA:74,14,0,16
BRDA:74,14,1,1
BRDA:76,15,0,6
BRDA:76,15,1,10
BRDA:78,16,0,16
BRDA:78,16,1,1
BRDA:80,17,0,4
BRDA:80,17,1,12
BRDA:82,18,0,16
BRDA:82,18,1,15
BRDA:83,19,0,15
BRDA:83,19,1,1
BRDA:93,20,0,1
BRDA:93,20,1,0
BRDA:95,21,0,1
BRDA:95,21,1,0
BRF:46
BRH:42
end_of_record
TN:
SF:src/views/business-service/expert-paper-cooperation-validation.ts
FN:3,isValidYearMonth
FN:7,requiredPairErrors
FN:18,addRangeErrors
FN:32,paperCooperationTimeErrors
FNF:4
FNH:4
FNDA:20,isValidYearMonth
FNDA:10,requiredPairErrors
FNDA:4,addRangeErrors
FNDA:10,paperCooperationTimeErrors
DA:1,1
DA:4,20
DA:11,10
DA:12,2
DA:13,2
DA:14,2
DA:15,2
DA:24,4
DA:25,1
DA:26,1
DA:28,4
DA:29,4
DA:37,10
DA:38,10
DA:39,10
DA:41,10
DA:42,10
DA:44,8
DA:45,3
DA:47,8
DA:48,3
DA:50,8
DA:52,5
DA:53,5
LF:24
LH:24
BRDA:4,0,0,20
BRDA:4,0,1,20
BRDA:11,1,0,8
BRDA:11,1,1,2
BRDA:13,2,0,1
BRDA:13,2,1,1
BRDA:14,3,0,1
BRDA:14,3,1,1
BRDA:24,4,0,1
BRDA:24,4,1,3
BRDA:28,5,0,2
BRDA:28,5,1,2
BRDA:29,6,0,2
BRDA:29,6,1,2
BRDA:38,7,0,10
BRDA:38,7,1,2
BRDA:39,8,0,10
BRDA:39,8,1,2
BRDA:42,9,0,2
BRDA:42,9,1,8
BRDA:44,10,0,3
BRDA:44,10,1,5
BRDA:44,11,0,8
BRDA:44,11,1,7
BRDA:47,12,0,3
BRDA:47,12,1,5
BRDA:47,13,0,8
BRDA:47,13,1,7
BRDA:50,14,0,3
BRDA:50,14,1,5
BRDA:52,15,0,4
BRDA:52,15,1,1
BRDA:52,16,0,5
BRDA:52,16,1,4
BRF:34
BRH:34
end_of_record
TN:
SF:src/views/business-service/service-modules.ts
FN:563,getServiceModule
FN:564,(anonymous_1)
FNF:2
FNH:0
FNDA:0,getServiceModule
FNDA:0,(anonymous_1)
DA:61,1
DA:69,1
DA:81,1
DA:564,0
LF:4
LH:3
BRDA:564,0,0,0
BRDA:564,0,1,0
BRF:2
BRH:0
end_of_record
TN:
SF:src/views/business-service/utils/month-range.ts
FN:3,parseMonth
FN:10,isFutureMonth
FN:19,monthRangePairErrors
FN:30,monthRangeToApiDates
FNF:4
FNH:4
FNDA:15,parseMonth
FNDA:5,isFutureMonth
FNDA:4,monthRangePairErrors
FNDA:5,monthRangeToApiDates
DA:1,1
DA:4,15
DA:5,11
DA:6,11
DA:7,8
DA:11,5
DA:12,5
DA:13,4
DA:23,4
DA:24,2
DA:34,5
DA:35,5
DA:36,5
DA:38,5
DA:39,5
DA:40,2
DA:41,2
DA:44,5
LF:18
LH:18
BRDA:4,0,0,4
BRDA:4,0,1,11
BRDA:6,1,0,3
BRDA:6,1,1,8
BRDA:10,2,0,5
BRDA:12,3,0,1
BRDA:12,3,1,4
BRDA:14,4,0,4
BRDA:14,4,1,3
BRDA:14,4,2,2
BRDA:23,5,0,2
BRDA:23,5,1,2
BRDA:25,6,0,1
BRDA:25,6,1,1
BRDA:26,7,0,1
BRDA:26,7,1,1
BRDA:38,8,0,2
BRDA:38,8,1,3
BRDA:39,9,0,2
BRDA:39,9,1,3
BRF:20
BRH:20
end_of_record
TN:
SF:src/views/business-service/utils/request-payload.ts
FN:3,integerRangeError
FN:14,numericInputRangeError
FN:21,limitPerTypeError
FN:25,buildRequestPayload
FN:38,(anonymous_4)
FNF:5
FNH:5
FNDA:32,integerRangeError
FNDA:25,numericInputRangeError
FNDA:12,limitPerTypeError
FNDA:3,buildRequestPayload
FNDA:7,(anonymous_4)
DA:4,32
DA:5,32
DA:6,30
DA:7,30
DA:9,22
DA:10,22
DA:11,12
DA:15,25
DA:16,25
DA:17,23
DA:18,11
DA:22,12
DA:29,3
DA:31,3
DA:32,15
DA:33,15
DA:35,6
DA:36,2
DA:38,7
DA:40,2
DA:41,2
DA:44,4
DA:52,3
LF:23
LH:23
BRDA:5,0,0,2
BRDA:5,0,1,30
BRDA:7,1,0,8
BRDA:7,1,1,22
BRDA:10,2,0,10
BRDA:10,2,1,12
BRDA:10,3,0,22
BRDA:10,3,1,18
BRDA:16,4,0,2
BRDA:16,4,1,23
BRDA:17,5,0,12
BRDA:17,5,1,11
BRDA:33,6,0,9
BRDA:33,6,1,6
BRDA:33,7,0,15
BRDA:33,7,1,15
BRDA:35,8,0,2
BRDA:35,8,1,4
BRDA:40,9,0,2
BRDA:40,9,1,0
BRDA:45,10,0,2
BRDA:45,10,1,2
BRDA:47,11,0,1
BRDA:47,11,1,1
BRF:24
BRH:23
end_of_record
TN:
SF:src/views/platform/manual-review-data.ts
FN:175,(anonymous_0)
FN:175,(anonymous_1)
FN:176,(anonymous_2)
FN:176,(anonymous_3)
FN:177,(anonymous_4)
FN:177,(anonymous_5)
FN:179,(anonymous_6)
FN:191,(anonymous_7)
FN:237,(anonymous_8)
FN:314,(anonymous_9)
FN:326,(anonymous_10)
FN:357,(anonymous_11)
FN:391,(anonymous_12)
FN:423,(anonymous_13)
FN:426,(anonymous_14)
FN:429,(anonymous_15)
FN:492,(anonymous_16)
FN:498,(anonymous_17)
FN:500,(anonymous_18)
FN:532,(anonymous_19)
FN:559,(anonymous_20)
FN:576,(anonymous_21)
FNF:22
FNH:14
FNDA:0,(anonymous_0)
FNDA:0,(anonymous_1)
FNDA:0,(anonymous_2)
FNDA:0,(anonymous_3)
FNDA:44,(anonymous_4)
FNDA:241,(anonymous_5)
FNDA:3,(anonymous_6)
FNDA:14,(anonymous_7)
FNDA:8,(anonymous_8)
FNDA:55,(anonymous_9)
FNDA:55,(anonymous_10)
FNDA:5,(anonymous_11)
FNDA:0,(anonymous_12)
FNDA:7,(anonymous_13)
FNDA:29,(anonymous_14)
FNDA:29,(anonymous_15)
FNDA:7,(anonymous_16)
FNDA:0,(anonymous_17)
FNDA:0,(anonymous_18)
FNDA:7,(anonymous_19)
FNDA:0,(anonymous_20)
FNDA:7,(anonymous_21)
DA:52,1
DA:65,1
DA:175,1
DA:176,1
DA:177,241
DA:179,1
DA:180,3
DA:181,2
DA:182,2
DA:183,2
DA:184,1
DA:191,1
DA:192,14
DA:193,2
DA:195,12
DA:196,12
DA:197,12
DA:198,12
DA:199,10
DA:200,8
DA:201,6
DA:202,4
DA:237,1
DA:238,8
DA:241,1
DA:314,1
DA:315,55
DA:316,55
DA:317,48
DA:318,41
DA:319,34
DA:320,26
DA:321,17
DA:322,10
DA:323,2
DA:326,1
DA:327,55
DA:328,55
DA:330,2
DA:331,2
DA:332,55
DA:334,55
DA:339,2
DA:340,0
DA:341,0
DA:342,0
DA:343,0
DA:344,0
DA:345,0
DA:346,0
DA:347,0
DA:348,0
DA:349,0
DA:351,0
DA:352,0
DA:354,0
DA:357,1
DA:358,5
DA:359,5
DA:360,5
DA:361,1
DA:371,4
DA:372,2
DA:378,2
DA:379,0
DA:388,2
DA:389,0
DA:391,0
DA:394,2
DA:412,1
DA:422,1
DA:423,7
DA:426,29
DA:429,1
DA:430,29
DA:431,29
DA:432,29
DA:434,29
DA:435,21
DA:436,13
DA:437,9
DA:438,5
DA:439,5
DA:440,5
DA:442,0
DA:445,0
DA:446,0
DA:447,0
DA:448,0
DA:450,0
DA:451,0
DA:453,0
DA:454,0
DA:456,0
DA:457,0
DA:459,0
DA:460,0
DA:462,0
DA:473,1
DA:484,1
DA:492,1
DA:493,7
DA:494,7
DA:495,7
DA:498,1
DA:500,1
DA:501,0
DA:503,0
DA:504,0
DA:508,0
DA:510,0
DA:512,0
DA:514,0
DA:516,0
DA:518,0
DA:520,0
DA:532,1
DA:533,7
DA:534,7
DA:535,7
DA:536,7
DA:537,1
DA:544,6
DA:545,4
DA:546,3
DA:547,2
DA:548,1
DA:549,1
DA:551,7
DA:559,1
DA:560,0
DA:562,0
DA:566,0
DA:568,0
DA:570,0
DA:572,0
DA:576,1
DA:577,7
LF:138
LH:92
BRDA:180,0,0,1
BRDA:180,0,1,2
BRDA:181,1,0,0
BRDA:181,1,1,2
BRDA:183,2,0,1
BRDA:183,2,1,1
BRDA:192,3,0,2
BRDA:192,3,1,12
BRDA:196,4,0,0
BRDA:196,4,1,12
BRDA:197,5,0,0
BRDA:197,5,1,12
BRDA:198,6,0,2
BRDA:198,6,1,10
BRDA:199,7,0,2
BRDA:199,7,1,8
BRDA:200,8,0,2
BRDA:200,8,1,6
BRDA:200,9,0,8
BRDA:200,9,1,6
BRDA:201,10,0,2
BRDA:201,10,1,4
BRDA:201,11,0,6
BRDA:201,11,1,6
BRDA:238,12,0,8
BRDA:238,12,1,5
BRDA:238,13,0,5
BRDA:238,13,1,0
BRDA:316,14,0,7
BRDA:316,14,1,48
BRDA:317,15,0,7
BRDA:317,15,1,41
BRDA:318,16,0,7
BRDA:318,16,1,34
BRDA:319,17,0,8
BRDA:319,17,1,26
BRDA:320,18,0,9
BRDA:320,18,1,17
BRDA:321,19,0,7
BRDA:321,19,1,10
BRDA:322,20,0,8
BRDA:322,20,1,2
BRDA:327,21,0,55
BRDA:327,21,1,0
BRDA:328,22,0,53
BRDA:328,22,1,2
BRDA:331,23,0,2
BRDA:331,23,1,2
BRDA:332,24,0,55
BRDA:332,24,1,2
BRDA:334,25,0,2
BRDA:334,25,1,53
BRDA:335,26,0,55
BRDA:335,26,1,0
BRDA:335,26,2,0
BRDA:335,26,3,0
BRDA:340,27,0,0
BRDA:340,27,1,0
BRDA:340,28,0,0
BRDA:340,28,1,0
BRDA:340,28,2,0
BRDA:340,28,3,0
BRDA:341,29,0,0
BRDA:341,29,1,0
BRDA:341,30,0,0
BRDA:341,30,1,0
BRDA:342,31,0,0
BRDA:342,31,1,0
BRDA:343,32,0,0
BRDA:343,32,1,0
BRDA:343,33,0,0
BRDA:343,33,1,0
BRDA:344,34,0,0
BRDA:344,34,1,0
BRDA:345,35,0,0
BRDA:345,35,1,0
BRDA:345,36,0,0
BRDA:345,36,1,0
BRDA:346,37,0,0
BRDA:346,37,1,0
BRDA:347,38,0,0
BRDA:347,38,1,0
BRDA:348,39,0,0
BRDA:348,39,1,0
BRDA:351,40,0,0
BRDA:351,40,1,0
BRDA:352,41,0,0
BRDA:352,41,1,0
BRDA:360,42,0,1
BRDA:360,42,1,4
BRDA:360,43,0,5
BRDA:360,43,1,1
BRDA:371,44,0,2
BRDA:371,44,1,2
BRDA:371,45,0,4
BRDA:371,45,1,2
BRDA:378,46,0,0
BRDA:378,46,1,2
BRDA:378,47,0,2
BRDA:378,47,1,1
BRDA:378,47,2,1
BRDA:388,48,0,0
BRDA:388,48,1,2
BRDA:388,49,0,2
BRDA:388,49,1,0
BRDA:432,50,0,29
BRDA:432,50,1,0
BRDA:434,51,0,8
BRDA:434,51,1,21
BRDA:434,52,0,29
BRDA:434,52,1,25
BRDA:435,53,0,8
BRDA:435,53,1,13
BRDA:435,54,0,21
BRDA:435,54,1,17
BRDA:436,55,0,4
BRDA:436,55,1,9
BRDA:437,56,0,4
BRDA:437,56,1,5
BRDA:438,57,0,5
BRDA:438,57,1,0
BRDA:439,58,0,5
BRDA:439,58,1,0
BRDA:439,59,0,5
BRDA:439,59,1,4
BRDA:439,59,2,0
BRDA:445,60,0,0
BRDA:445,60,1,0
BRDA:445,61,0,0
BRDA:445,61,1,0
BRDA:446,62,0,0
BRDA:446,62,1,0
BRDA:447,63,0,0
BRDA:447,63,1,0
BRDA:447,64,0,0
BRDA:447,64,1,0
BRDA:450,65,0,0
BRDA:450,65,1,0
BRDA:450,66,0,0
BRDA:450,66,1,0
BRDA:453,67,0,0
BRDA:453,67,1,0
BRDA:453,68,0,0
BRDA:453,68,1,0
BRDA:456,69,0,0
BRDA:456,69,1,0
BRDA:456,70,0,0
BRDA:456,70,1,0
BRDA:459,71,0,0
BRDA:459,71,1,0
BRDA:459,72,0,0
BRDA:459,72,1,0
BRDA:494,73,0,0
BRDA:494,73,1,7
BRDA:494,74,0,7
BRDA:494,74,1,7
BRDA:495,75,0,7
BRDA:495,75,1,0
BRDA:501,76,0,0
BRDA:501,76,1,0
BRDA:501,76,2,0
BRDA:501,76,3,0
BRDA:501,76,4,0
BRDA:501,76,5,0
BRDA:501,76,6,0
BRDA:501,76,7,0
BRDA:503,77,0,0
BRDA:503,77,1,0
BRDA:504,78,0,0
BRDA:504,78,1,0
BRDA:536,79,0,1
BRDA:536,79,1,6
BRDA:537,80,0,0
BRDA:537,80,1,1
BRDA:539,81,0,1
BRDA:539,81,1,0
BRDA:541,82,0,0
BRDA:541,82,1,0
BRDA:544,83,0,1
BRDA:544,83,1,5
BRDA:544,84,0,1
BRDA:544,84,1,4
BRDA:545,85,0,1
BRDA:545,85,1,3
BRDA:546,86,0,1
BRDA:546,86,1,2
BRDA:547,87,0,1
BRDA:547,87,1,0
BRDA:547,88,0,1
BRDA:547,88,1,1
BRDA:548,89,0,1
BRDA:548,89,1,0
BRDA:548,90,0,1
BRDA:548,90,1,0
BRDA:560,91,0,0
BRDA:560,91,1,0
BRDA:560,91,2,0
BRDA:560,91,3,0
BRDA:560,91,4,0
BRDA:562,92,0,0
BRDA:562,92,1,0
BRDA:577,93,0,1
BRDA:577,93,1,6
BRF:203
BRH:102
end_of_record
